f:\git\study_opencv3.2.0\knowledge\knowledge\x64\release\vc120.pdb
f:\git\study_opencv3.2.0\knowledge\knowledge\x64\release\usecamera.obj
f:\git\study_opencv3.2.0\knowledge\knowledge\x64\release\showimage.obj
f:\git\study_opencv3.2.0\knowledge\knowledge\x64\release\playvideo.obj
f:\git\study_opencv3.2.0\knowledge\knowledge\x64\release\main.obj
f:\git\study_opencv3.2.0\knowledge\knowledge\x64\release\imageerode.obj
f:\git\study_opencv3.2.0\knowledge\knowledge\x64\release\canny.obj
f:\git\study_opencv3.2.0\knowledge\knowledge\x64\release\blurimage.obj
f:\git\study_opencv3.2.0\knowledge\knowledge\x64\release\testshiftcamera.obj
f:\git\study_opencv3.2.0\knowledge\knowledge\x64\release\opticalflow.obj
f:\git\study_opencv3.2.0\knowledge\knowledge\x64\release\testlk.obj
f:\git\study_opencv3.2.0\knowledge\knowledge\x64\release\testobjectdetection.obj
f:\git\study_opencv3.2.0\knowledge\knowledge\x64\release\testsvm.obj
f:\git\study_opencv3.2.0\opencv\build\x64\vc14\bin\knowledge.exe
f:\git\study_opencv3.2.0\opencv\build\x64\vc14\bin\knowledge.pdb
f:\git\study_opencv3.2.0\knowledge\knowledge\..\..\opencv\build\x64\vc14\bin\knowledge.exe
f:\git\study_opencv3.2.0\knowledge\knowledge\x64\release\knowledge.tlog\cl.command.1.tlog
f:\git\study_opencv3.2.0\knowledge\knowledge\x64\release\knowledge.tlog\cl.read.1.tlog
f:\git\study_opencv3.2.0\knowledge\knowledge\x64\release\knowledge.tlog\cl.write.1.tlog
f:\git\study_opencv3.2.0\knowledge\knowledge\x64\release\knowledge.tlog\link.command.1.tlog
f:\git\study_opencv3.2.0\knowledge\knowledge\x64\release\knowledge.tlog\link.read.1.tlog
f:\git\study_opencv3.2.0\knowledge\knowledge\x64\release\knowledge.tlog\link.write.1.tlog
